[debug] [2018-01-08T00:51:03.577Z] ----------------------------------------------------------------------
[debug] [2018-01-08T00:51:03.581Z] Command:       /usr/local/bin/node /usr/local/bin/firebase deploy --project one-time-password-34c1f
[debug] [2018-01-08T00:51:03.581Z] CLI Version:   3.16.0
[debug] [2018-01-08T00:51:03.581Z] Platform:      linux
[debug] [2018-01-08T00:51:03.581Z] Node Version:  v9.2.1
[debug] [2018-01-08T00:51:03.582Z] Time:          Sun Jan 07 2018 19:51:03 GMT-0500 (EST)
[debug] [2018-01-08T00:51:03.582Z] ----------------------------------------------------------------------
[debug] 
[debug] [2018-01-08T00:51:03.597Z] > command requires scopes: ["email","openid","https://www.googleapis.com/auth/cloudplatformprojects.readonly","https://www.googleapis.com/auth/firebase","https://www.googleapis.com/auth/cloud-platform"]
[debug] [2018-01-08T00:51:03.597Z] > authorizing via signed-in user
[debug] [2018-01-08T00:51:03.599Z] > refreshing access token with scopes: ["email","https://www.googleapis.com/auth/cloud-platform","https://www.googleapis.com/auth/cloudplatformprojects.readonly","https://www.googleapis.com/auth/firebase","openid"]
[debug] [2018-01-08T00:51:03.600Z] >>> HTTP REQUEST POST https://www.googleapis.com/oauth2/v3/token  
 { refresh_token: '1/d6dp2KqomiPGufJ4j5ogq-K7LJTxAfFnElskcv-yLE8',
  client_id: '563584335869-fgrhgmd47bqnekij5i8b5pr03ho849e6.apps.googleusercontent.com',
  client_secret: 'j9iVZfS8kkCEFUPaAeJV0sAi',
  grant_type: 'refresh_token',
  scope: 'email https://www.googleapis.com/auth/cloud-platform https://www.googleapis.com/auth/cloudplatformprojects.readonly https://www.googleapis.com/auth/firebase openid' } 
 Sun Jan 07 2018 19:51:03 GMT-0500 (EST)
[debug] [2018-01-08T00:51:04.208Z] <<< HTTP RESPONSE 200
[debug] [2018-01-08T00:51:04.216Z] >>> HTTP REQUEST GET https://admin.firebase.com/v1/projects/one-time-password-34c1f  
  
 Sun Jan 07 2018 19:51:04 GMT-0500 (EST)
[debug] [2018-01-08T00:51:04.807Z] <<< HTTP RESPONSE 200
[debug] [2018-01-08T00:51:04.809Z] >>> HTTP REQUEST GET https://admin.firebase.com/v1/database/one-time-password-34c1f/tokens  
  
 Sun Jan 07 2018 19:51:04 GMT-0500 (EST)
[debug] [2018-01-08T00:51:05.606Z] <<< HTTP RESPONSE 200
[info] 
[info] === Deploying to 'one-time-password-34c1f'...
[info] 
[info] i  deploying database, storage, firestore, functions, hosting
[info] i  database: checking rules syntax...
[debug] [2018-01-08T00:51:06.102Z] >>> HTTP REQUEST PUT https://one-time-password-34c1f.firebaseio.com/.settings/rules.json?dryRun=true  
 {
  "rules": {
    ".read": "auth != null",
    ".write": "auth != null"
  }
} 
 Sun Jan 07 2018 19:51:06 GMT-0500 (EST)
[debug] [2018-01-08T00:51:06.651Z] <<< HTTP RESPONSE 200
[info] ✔  database: rules syntax for database one-time-password-34c1f is valid
[debug] [2018-01-08T00:51:06.654Z] >>> HTTP REQUEST GET https://appengine.googleapis.com/v1/apps/one-time-password-34c1f  
  
 Sun Jan 07 2018 19:51:06 GMT-0500 (EST)
[debug] [2018-01-08T00:51:12.238Z] <<< HTTP RESPONSE 200
[info] i  storage: checking storage.rules for compilation errors...
[debug] [2018-01-08T00:51:12.250Z] >>> HTTP REQUEST POST https://firebaserules.googleapis.com/v1/projects/one-time-password-34c1f:test  
 { source: { files: [ [Object] ] } } 
 Sun Jan 07 2018 19:51:12 GMT-0500 (EST)
[debug] [2018-01-08T00:51:12.546Z] <<< HTTP RESPONSE 200
[info] ✔  storage: rules file storage.rules compiled successfully
[info] i  firestore: checking firestore.rules for compilation errors...
[debug] [2018-01-08T00:51:12.550Z] >>> HTTP REQUEST POST https://firebaserules.googleapis.com/v1/projects/one-time-password-34c1f:test  
 { source: { files: [ [Object] ] } } 
 Sun Jan 07 2018 19:51:12 GMT-0500 (EST)
[debug] [2018-01-08T00:51:12.767Z] <<< HTTP RESPONSE 200
[info] ✔  firestore: rules file firestore.rules compiled successfully
[debug] [2018-01-08T00:51:12.770Z] > [functions] package.json contents: {
  "name": "functions",
  "description": "Cloud Functions for Firebase",
  "scripts": {
    "serve": "firebase serve --only functions",
    "shell": "firebase experimental:functions:shell",
    "start": "npm run shell",
    "deploy": "firebase deploy --only functions",
    "logs": "firebase functions:log"
  },
  "dependencies": {
    "firebase-admin": "~5.4.2",
    "firebase-functions": "^0.7.1"
  },
  "private": true
}
[info] i  functions: ensuring necessary APIs are enabled...
[debug] [2018-01-08T00:51:12.772Z] >>> HTTP REQUEST GET https://servicemanagement.googleapis.com/v1/services/cloudfunctions.googleapis.com/projectSettings/one-time-password-34c1f?view=CONSUMER_VIEW  
  
 Sun Jan 07 2018 19:51:12 GMT-0500 (EST)
[debug] [2018-01-08T00:51:12.773Z] >>> HTTP REQUEST GET https://servicemanagement.googleapis.com/v1/services/runtimeconfig.googleapis.com/projectSettings/one-time-password-34c1f?view=CONSUMER_VIEW  
  
 Sun Jan 07 2018 19:51:12 GMT-0500 (EST)
[debug] [2018-01-08T00:51:13.422Z] <<< HTTP RESPONSE 200
[warn] ⚠  functions: missing necessary APIs. Enabling now...
[debug] [2018-01-08T00:51:13.425Z] >>> HTTP REQUEST PATCH https://servicemanagement.googleapis.com/v1/services/cloudfunctions.googleapis.com/projectSettings/one-time-password-34c1f?updateMask=usageSettings  
 { usageSettings: { consumerEnableStatus: 'ENABLED' } } 
 Sun Jan 07 2018 19:51:13 GMT-0500 (EST)
[debug] [2018-01-08T00:51:13.517Z] <<< HTTP RESPONSE 200
[debug] [2018-01-08T00:51:14.846Z] <<< HTTP RESPONSE 200
